<?xml version="1.0" encoding="UTF-8"?>
<!-- Generated by org.testng.reporters.JUnitReportReporter -->
<testsuite skipped="0" hostname="user" name="pkg1.Calculator" tests="4" failures="0" timestamp="2020-07-06T10:10:29 IST" time="0.016" errors="0">
  <testcase name="mul" time="0.002" classname="pkg1.Calculator"/>
  <system-out/>
  <testcase name="welcome" time="0.006" classname="pkg1.Calculator"/>
  <system-out/>
  <testcase name="add" time="0.004" classname="pkg1.Calculator"/>
  <system-out/>
  <testcase name="sub" time="0.004" classname="pkg1.Calculator"/>
  <system-out/>
</testsuite> <!-- pkg1.Calculator -->
